<?xml version="1.0" encoding="UTF-8"?>
<testng-results skipped="0" failed="0" ignored="0" total="1" passed="1">
  <reporter-output>
  </reporter-output>
  <suite name="Default suite" duration-ms="336689" started-at="2017-06-19T09:32:28Z" finished-at="2017-06-19T09:38:05Z">
    <groups>
    </groups>
    <test name="Default test" duration-ms="336689" started-at="2017-06-19T09:32:28Z" finished-at="2017-06-19T09:38:05Z">
      <class name="com.qa.Homepage.MainClass">
        <test-method status="PASS" signature="UrlLaunch()[pri:0, instance:com.qa.Homepage.MainClass@1810399e]" name="UrlLaunch" is-config="true" duration-ms="14069" started-at="2017-06-19T15:02:28Z" finished-at="2017-06-19T15:02:42Z">
          <reporter-output>
          </reporter-output>
        </test-method> <!-- UrlLaunch -->
        <test-method status="PASS" signature="popup()[pri:0, instance:com.qa.Homepage.MainClass@1810399e]" name="popup" duration-ms="322262" started-at="2017-06-19T15:02:42Z" finished-at="2017-06-19T15:08:04Z">
          <reporter-output>
          </reporter-output>
        </test-method> <!-- popup -->
        <test-method status="PASS" signature="closebrowser()[pri:0, instance:com.qa.Homepage.MainClass@1810399e]" name="closebrowser" is-config="true" duration-ms="336" started-at="2017-06-19T15:08:04Z" finished-at="2017-06-19T15:08:05Z">
          <reporter-output>
          </reporter-output>
        </test-method> <!-- closebrowser -->
      </class> <!-- com.qa.Homepage.MainClass -->
    </test> <!-- Default test -->
  </suite> <!-- Default suite -->
</testng-results>
